 Reaction channels:
              1 gamma + p --->  pi+  n                            
              2 gamma + p --->  pi0  p                            
 Channel           3  not defined for target    0.00000000    
 Channel           4  not defined for target    0.00000000    
              5 gamma + p --->  del++ pi-                         
              6 gamma + p --->  del+  pi0                         
              7 gamma + p --->  del0  pi+                         
 Channel           8  not defined for target    0.00000000    
 Channel           9  not defined for target    0.00000000    
 Channel          10  not defined for target    0.00000000    
             15 gamma + p --->  pi+  pi-  p                       
             16 gamma + p --->  pi0  pi+  n                       
 Channel          17  not defined for target    0.00000000    
 Channel          18  not defined for target    0.00000000    
 Channel          33  not defined for target    0.00000000    
 Channel          34  not defined for target    0.00000000    

 Random Seed:       76762

 Bremsstrahlun spectrum: Emax=   775.000 Emin=   275.000

 Proton target

 Laboratory system for outgoing particles

 New Random Seed:       76762

 TOTAL EVENTS PROCESSED :        500
